{
  "stats": {
    "suites": 1,
    "tests": 2,
    "passes": 2,
    "pending": 0,
    "failures": 0,
    "start": "2020-03-29T23:36:14.141Z",
    "end": "2020-03-29T23:36:22.141Z",
    "duration": 8000,
    "testsRegistered": 2,
    "passPercent": 100,
    "pendingPercent": 0,
    "other": 0,
    "hasOther": false,
    "skipped": 0,
    "hasSkipped": false
  },
  "results": [
    {
      "uuid": "e101ac5d-eeee-4bc5-97b3-522efb7e0c7e",
      "title": "",
      "fullFile": "cypress/integration/pesquisa_wikipedia.feature",
      "file": "cypress/integration/pesquisa_wikipedia.feature",
      "beforeHooks": [],
      "afterHooks": [],
      "tests": [],
      "suites": [
        {
          "uuid": "ffbebf9e-ff52-44fe-845d-c7c88cbea4aa",
          "title": "Accessar Wikipedia",
          "fullFile": "",
          "file": "",
          "beforeHooks": [],
          "afterHooks": [],
          "tests": [
            {
              "title": "Abrir Wikipedia",
              "fullTitle": "Accessar Wikipedia Abrir Wikipedia",
              "timedOut": null,
              "duration": 1247,
              "state": "passed",
              "speed": "slow",
              "pass": true,
              "fail": false,
              "pending": false,
              "context": null,
              "code": "const state = window.testState;\nreturn cy\n  .then(() => state.onStartScenario(scenario, indexedSteps))\n  .then(() =>\n    resolveAndRunBeforeHooks.call(this, scenario.tags, state.feature.name)\n  )\n  .then(() =>\n    indexedSteps.forEach(step => stepTest.call(this, state, step, rowData))\n  )\n  .then(() =>\n    resolveAndRunAfterHooks.call(this, scenario.tags, state.feature.name)\n  )\n  .then(() => state.onFinishScenario(scenario));",
              "err": {},
              "uuid": "85a3feb7-751a-4053-a886-762432969dfd",
              "parentUUID": "ffbebf9e-ff52-44fe-845d-c7c88cbea4aa",
              "isHook": false,
              "skipped": false
            },
            {
              "title": "Pesquisa na Wikipedia",
              "fullTitle": "Accessar Wikipedia Pesquisa na Wikipedia",
              "timedOut": null,
              "duration": 4164,
              "state": "passed",
              "speed": "slow",
              "pass": true,
              "fail": false,
              "pending": false,
              "context": null,
              "code": "const state = window.testState;\nreturn cy\n  .then(() => state.onStartScenario(scenario, indexedSteps))\n  .then(() =>\n    resolveAndRunBeforeHooks.call(this, scenario.tags, state.feature.name)\n  )\n  .then(() =>\n    indexedSteps.forEach(step => stepTest.call(this, state, step, rowData))\n  )\n  .then(() =>\n    resolveAndRunAfterHooks.call(this, scenario.tags, state.feature.name)\n  )\n  .then(() => state.onFinishScenario(scenario));",
              "err": {},
              "uuid": "834a64d7-41d3-402f-86d4-f253c513b0b3",
              "parentUUID": "ffbebf9e-ff52-44fe-845d-c7c88cbea4aa",
              "isHook": false,
              "skipped": false
            }
          ],
          "suites": [],
          "passes": [
            "85a3feb7-751a-4053-a886-762432969dfd",
            "834a64d7-41d3-402f-86d4-f253c513b0b3"
          ],
          "failures": [],
          "pending": [],
          "skipped": [],
          "duration": 5411,
          "root": false,
          "rootEmpty": false,
          "_timeout": 2000
        }
      ],
      "passes": [],
      "failures": [],
      "pending": [],
      "skipped": [],
      "duration": 0,
      "root": true,
      "rootEmpty": true,
      "_timeout": 2000
    }
  ],
  "meta": {
    "mocha": {
      "version": "7.1.1"
    },
    "mochawesome": {
      "options": {
        "quiet": false,
        "reportFilename": "mochawesome",
        "saveHtml": true,
        "saveJson": true,
        "consoleReporter": "spec",
        "useInlineDiffs": false,
        "code": true
      },
      "version": "5.0.0"
    },
    "marge": {
      "options": {
        "reportDir": "mochawesome-report",
        "overwrite": true,
        "html": true,
        "json": true
      },
      "version": "4.1.0"
    }
  }
}